<?xml version="1.0" encoding="UTF-8"?>
<!-- Generated by org.testng.reporters.JUnitXMLReporter -->
<testsuite ignored="0" hostname="DESKTOP-7RODFU2" failures="1" tests="6" name="Test" time="6.988" errors="0" timestamp="2024-02-15T12:27:02 PKT">
  <testcase classname="whizzbridge_Automation.merl_extentreports.merl_TestCases" name="Merl_BrowserSetup" time="0.157"/>
  <testcase classname="whizzbridge_Automation.merl_extentreports.merl_TestCases" name="Merl_TimetoLauchApp" time="2.512"/>
  <testcase classname="whizzbridge_Automation.merl_extentreports.merl_TestCases" name="merl_VerifyUrl" time="0.024">
    <failure type="java.lang.AssertionError" message="URLs do not match expected [https://merl-50fb1f6104ab.herokuapp.com/] but found [https://merl-50fb1f6104ab.herokuapp.com/users/sign_in]">
      <![CDATA[java.lang.AssertionError: URLs do not match expected [https://merl-50fb1f6104ab.herokuapp.com/] but found [https://merl-50fb1f6104ab.herokuapp.com/users/sign_in]
at whizzbridge_Automation.merl_extentreports.merl_TestCases.merl_VerifyUrl(merl_TestCases.java:69)
at java.base/java.util.ArrayList.forEach(ArrayList.java:1511)
... Removed 32 stack frames]]>
    </failure>
  </testcase> <!-- merl_VerifyUrl -->
  <testcase classname="whizzbridge_Automation.merl_extentreports.merl_TestCases" name="merl_VerifyTitle" time="0.01"/>
  <testcase classname="whizzbridge_Automation.merl_extentreports.merl_TestCases" name="verifyElementText" time="0.036"/>
  <testcase classname="whizzbridge_Automation.merl_extentreports.merl_TestCases" name="merl_Login" time="1.323"/>
</testsuite> <!-- Test -->
