<?xml version="1.0" encoding="UTF-8"?>
<testng-results ignored="0" total="6" passed="5" failed="1" skipped="0">
  <reporter-output>
    <line>
      <![CDATA[Window is Maximized]]>
    </line>
    <line>
      <![CDATA[All Cookies Deleted]]>
    </line>
    <line>
      <![CDATA[Application Launched]]>
    </line>
    <line>
      <![CDATA[Total time for application to launch is 2629]]>
    </line>
    <line>
      <![CDATA[Login via Email is admin@merl.com]]>
    </line>
    <line>
      <![CDATA[and password is 123123]]>
    </line>
    <line>
      <![CDATA[Test Case: Login as admin]]>
    </line>
  </reporter-output>
  <suite started-at="2024-02-15T12:43:44 PKT" name="Suite" finished-at="2024-02-15T12:43:53 PKT" duration-ms="8427">
    <groups>
      <group name="smoke">
        <method signature="merl_TestCases.merl_Login()[pri:6, instance:whizzbridge_Automation.merl_extentreports.merl_TestCases@71f67a79]" name="merl_Login" class="whizzbridge_Automation.merl_extentreports.merl_TestCases"/>
      </group> <!-- smoke -->
    </groups>
    <test started-at="2024-02-15T12:43:44 PKT" name="Test" finished-at="2024-02-15T12:43:53 PKT" duration-ms="8427">
      <class name="whizzbridge_Automation.merl_extentreports.merl_TestCases">
        <test-method is-config="true" signature="ExtentreportSetup()[pri:0, instance:whizzbridge_Automation.merl_extentreports.merl_TestCases@71f67a79]" started-at="2024-02-15T12:43:44 PKT" name="ExtentreportSetup" finished-at="2024-02-15T12:43:44 PKT" duration-ms="10" status="PASS">
          <reporter-output>
          </reporter-output>
        </test-method> <!-- ExtentreportSetup -->
        <test-method signature="Merl_BrowserSetup()[pri:1, instance:whizzbridge_Automation.merl_extentreports.merl_TestCases@71f67a79]" started-at="2024-02-15T12:43:44 PKT" name="Merl_BrowserSetup" finished-at="2024-02-15T12:43:44 PKT" duration-ms="148" status="PASS">
          <reporter-output>
            <line>
              <![CDATA[Window is Maximized]]>
            </line>
            <line>
              <![CDATA[All Cookies Deleted]]>
            </line>
          </reporter-output>
        </test-method> <!-- Merl_BrowserSetup -->
        <test-method signature="Merl_TimetoLauchApp()[pri:2, instance:whizzbridge_Automation.merl_extentreports.merl_TestCases@71f67a79]" started-at="2024-02-15T12:43:44 PKT" name="Merl_TimetoLauchApp" finished-at="2024-02-15T12:43:47 PKT" duration-ms="2629" status="PASS">
          <reporter-output>
            <line>
              <![CDATA[Application Launched]]>
            </line>
            <line>
              <![CDATA[Total time for application to launch is 2629]]>
            </line>
          </reporter-output>
        </test-method> <!-- Merl_TimetoLauchApp -->
        <test-method signature="merl_VerifyUrl()[pri:3, instance:whizzbridge_Automation.merl_extentreports.merl_TestCases@71f67a79]" started-at="2024-02-15T12:43:47 PKT" name="merl_VerifyUrl" finished-at="2024-02-15T12:43:47 PKT" duration-ms="28" status="FAIL">
          <exception class="java.lang.AssertionError">
            <message>
              <![CDATA[URLs do not match expected [https://merl-50fb1f6104ab.herokuapp.com/] but found [https://merl-50fb1f6104ab.herokuapp.com/users/sign_in]]]>
            </message>
            <full-stacktrace>
              <![CDATA[java.lang.AssertionError: URLs do not match expected [https://merl-50fb1f6104ab.herokuapp.com/] but found [https://merl-50fb1f6104ab.herokuapp.com/users/sign_in]
at org.testng.Assert.fail(Assert.java:110)
at org.testng.Assert.failNotEquals(Assert.java:1577)
at org.testng.Assert.assertEqualsImpl(Assert.java:149)
at org.testng.Assert.assertEquals(Assert.java:131)
at org.testng.Assert.assertEquals(Assert.java:655)
at whizzbridge_Automation.merl_extentreports.merl_TestCases.merl_VerifyUrl(merl_TestCases.java:69)
at java.base/jdk.internal.reflect.DirectMethodHandleAccessor.invoke(DirectMethodHandleAccessor.java:103)
at java.base/java.lang.reflect.Method.invoke(Method.java:580)
at org.testng.internal.invokers.MethodInvocationHelper.invokeMethod(MethodInvocationHelper.java:139)
at org.testng.internal.invokers.TestInvoker.invokeMethod(TestInvoker.java:677)
at org.testng.internal.invokers.TestInvoker.invokeTestMethod(TestInvoker.java:221)
at org.testng.internal.invokers.MethodRunner.runInSequence(MethodRunner.java:50)
at org.testng.internal.invokers.TestInvoker$MethodInvocationAgent.invoke(TestInvoker.java:969)
at org.testng.internal.invokers.TestInvoker.invokeTestMethods(TestInvoker.java:194)
at org.testng.internal.invokers.TestMethodWorker.invokeTestMethods(TestMethodWorker.java:148)
at org.testng.internal.invokers.TestMethodWorker.run(TestMethodWorker.java:128)
at java.base/java.util.ArrayList.forEach(ArrayList.java:1596)
at org.testng.TestRunner.privateRun(TestRunner.java:829)
at org.testng.TestRunner.run(TestRunner.java:602)
at org.testng.SuiteRunner.runTest(SuiteRunner.java:437)
at org.testng.SuiteRunner.runSequentially(SuiteRunner.java:431)
at org.testng.SuiteRunner.privateRun(SuiteRunner.java:391)
at org.testng.SuiteRunner.run(SuiteRunner.java:330)
at org.testng.SuiteRunnerWorker.runSuite(SuiteRunnerWorker.java:52)
at org.testng.SuiteRunnerWorker.run(SuiteRunnerWorker.java:95)
at org.testng.TestNG.runSuitesSequentially(TestNG.java:1256)
at org.testng.TestNG.runSuitesLocally(TestNG.java:1176)
at org.testng.TestNG.runSuites(TestNG.java:1099)
at org.testng.TestNG.run(TestNG.java:1067)
at org.apache.maven.surefire.testng.TestNGExecutor.run(TestNGExecutor.java:308)
at org.apache.maven.surefire.testng.TestNGXmlTestSuite.execute(TestNGXmlTestSuite.java:71)
at org.apache.maven.surefire.testng.TestNGProvider.invoke(TestNGProvider.java:113)
at org.apache.maven.surefire.booter.ForkedBooter.runSuitesInProcess(ForkedBooter.java:385)
at org.apache.maven.surefire.booter.ForkedBooter.execute(ForkedBooter.java:162)
at org.apache.maven.surefire.booter.ForkedBooter.run(ForkedBooter.java:507)
at org.apache.maven.surefire.booter.ForkedBooter.main(ForkedBooter.java:495)
]]>
            </full-stacktrace>
          </exception> <!-- java.lang.AssertionError -->
          <reporter-output>
          </reporter-output>
        </test-method> <!-- merl_VerifyUrl -->
        <test-method signature="merl_VerifyTitle()[pri:4, instance:whizzbridge_Automation.merl_extentreports.merl_TestCases@71f67a79]" started-at="2024-02-15T12:43:47 PKT" name="merl_VerifyTitle" finished-at="2024-02-15T12:43:47 PKT" duration-ms="14" status="PASS">
          <reporter-output>
          </reporter-output>
        </test-method> <!-- merl_VerifyTitle -->
        <test-method signature="verifyElementText()[pri:5, instance:whizzbridge_Automation.merl_extentreports.merl_TestCases@71f67a79]" started-at="2024-02-15T12:43:47 PKT" name="verifyElementText" finished-at="2024-02-15T12:43:47 PKT" duration-ms="40" status="PASS">
          <reporter-output>
          </reporter-output>
        </test-method> <!-- verifyElementText -->
        <test-method signature="merl_Login()[pri:6, instance:whizzbridge_Automation.merl_extentreports.merl_TestCases@71f67a79]" started-at="2024-02-15T12:43:47 PKT" name="merl_Login" finished-at="2024-02-15T12:43:50 PKT" duration-ms="2140" status="PASS">
          <reporter-output>
            <line>
              <![CDATA[Login via Email is admin@merl.com]]>
            </line>
            <line>
              <![CDATA[and password is 123123]]>
            </line>
            <line>
              <![CDATA[Test Case: Login as admin]]>
            </line>
          </reporter-output>
        </test-method> <!-- merl_Login -->
        <test-method is-config="true" signature="tearDown()[pri:0, instance:whizzbridge_Automation.merl_extentreports.merl_TestCases@71f67a79]" started-at="2024-02-15T12:43:50 PKT" name="tearDown" finished-at="2024-02-15T12:43:53 PKT" duration-ms="2961" status="PASS">
          <reporter-output>
          </reporter-output>
        </test-method> <!-- tearDown -->
      </class> <!-- whizzbridge_Automation.merl_extentreports.merl_TestCases -->
    </test> <!-- Test -->
  </suite> <!-- Suite -->
</testng-results>
