<?xml version="1.0" encoding="UTF-8"?>
<testng-results ignored="0" total="6" passed="5" failed="1" skipped="0">
  <reporter-output>
    <line>
      <![CDATA[Window is Maximized]]>
    </line>
    <line>
      <![CDATA[All Cookies Deleted]]>
    </line>
    <line>
      <![CDATA[Application Launched]]>
    </line>
    <line>
      <![CDATA[Total time for application to launch is 2409]]>
    </line>
    <line>
      <![CDATA[Login via Email is admin@merl.com]]>
    </line>
    <line>
      <![CDATA[and password is 123123]]>
    </line>
    <line>
      <![CDATA[Test Case: Login as admin]]>
    </line>
  </reporter-output>
  <suite started-at="2024-03-07T12:12:12 PKT" name="Default suite" finished-at="2024-03-07T12:12:17 PKT" duration-ms="4459">
    <groups>
      <group name="smoke">
        <method signature="merl_TestCases.merl_Login()[pri:6, instance:whizzbridge_Automation.merl_extentreports.merl_TestCases@25f7391e]" name="merl_Login" class="whizzbridge_Automation.merl_extentreports.merl_TestCases"/>
      </group> <!-- smoke -->
    </groups>
    <test started-at="2024-03-07T12:12:12 PKT" name="Default test" finished-at="2024-03-07T12:12:17 PKT" duration-ms="4459">
      <class name="whizzbridge_Automation.merl_extentreports.merl_TestCases">
        <test-method is-config="true" signature="ExtentreportSetup()[pri:0, instance:whizzbridge_Automation.merl_extentreports.merl_TestCases@25f7391e]" started-at="2024-03-07T12:12:12 PKT" name="ExtentreportSetup" finished-at="2024-03-07T12:12:12 PKT" duration-ms="204" status="PASS">
          <reporter-output>
          </reporter-output>
        </test-method> <!-- ExtentreportSetup -->
        <test-method signature="Merl_BrowserSetup()[pri:1, instance:whizzbridge_Automation.merl_extentreports.merl_TestCases@25f7391e]" started-at="2024-03-07T12:12:12 PKT" name="Merl_BrowserSetup" finished-at="2024-03-07T12:12:12 PKT" duration-ms="148" status="PASS">
          <reporter-output>
            <line>
              <![CDATA[Window is Maximized]]>
            </line>
            <line>
              <![CDATA[All Cookies Deleted]]>
            </line>
          </reporter-output>
        </test-method> <!-- Merl_BrowserSetup -->
        <test-method signature="Merl_TimetoLauchApp()[pri:2, instance:whizzbridge_Automation.merl_extentreports.merl_TestCases@25f7391e]" started-at="2024-03-07T12:12:12 PKT" name="Merl_TimetoLauchApp" finished-at="2024-03-07T12:12:15 PKT" duration-ms="2411" status="PASS">
          <reporter-output>
            <line>
              <![CDATA[Application Launched]]>
            </line>
            <line>
              <![CDATA[Total time for application to launch is 2409]]>
            </line>
          </reporter-output>
        </test-method> <!-- Merl_TimetoLauchApp -->
        <test-method signature="merl_VerifyUrl()[pri:3, instance:whizzbridge_Automation.merl_extentreports.merl_TestCases@25f7391e]" started-at="2024-03-07T12:12:15 PKT" name="merl_VerifyUrl" finished-at="2024-03-07T12:12:15 PKT" duration-ms="24" status="FAIL">
          <exception class="java.lang.AssertionError">
            <message>
              <![CDATA[URLs do not match expected [https://merl-50fb1f6104ab.herokuapp.com/] but found [https://merl-50fb1f6104ab.herokuapp.com/users/sign_in]]]>
            </message>
            <full-stacktrace>
              <![CDATA[java.lang.AssertionError: URLs do not match expected [https://merl-50fb1f6104ab.herokuapp.com/] but found [https://merl-50fb1f6104ab.herokuapp.com/users/sign_in]
at org.testng.Assert.fail(Assert.java:99)
at org.testng.Assert.failNotEquals(Assert.java:1037)
at org.testng.Assert.assertEqualsImpl(Assert.java:140)
at org.testng.Assert.assertEquals(Assert.java:122)
at org.testng.Assert.assertEquals(Assert.java:629)
at whizzbridge_Automation.merl_extentreports.merl_TestCases.merl_VerifyUrl(merl_TestCases.java:69)
at java.base/jdk.internal.reflect.NativeMethodAccessorImpl.invoke0(Native Method)
at java.base/jdk.internal.reflect.NativeMethodAccessorImpl.invoke(NativeMethodAccessorImpl.java:77)
at java.base/jdk.internal.reflect.DelegatingMethodAccessorImpl.invoke(DelegatingMethodAccessorImpl.java:43)
at java.base/java.lang.reflect.Method.invoke(Method.java:568)
at org.testng.internal.MethodInvocationHelper.invokeMethod(MethodInvocationHelper.java:133)
at org.testng.internal.TestInvoker.invokeMethod(TestInvoker.java:598)
at org.testng.internal.TestInvoker.invokeTestMethod(TestInvoker.java:173)
at org.testng.internal.MethodRunner.runInSequence(MethodRunner.java:46)
at org.testng.internal.TestInvoker$MethodInvocationAgent.invoke(TestInvoker.java:824)
at org.testng.internal.TestInvoker.invokeTestMethods(TestInvoker.java:146)
at org.testng.internal.TestMethodWorker.invokeTestMethods(TestMethodWorker.java:146)
at org.testng.internal.TestMethodWorker.run(TestMethodWorker.java:128)
at java.base/java.util.ArrayList.forEach(ArrayList.java:1511)
at org.testng.TestRunner.privateRun(TestRunner.java:794)
at org.testng.TestRunner.run(TestRunner.java:596)
at org.testng.SuiteRunner.runTest(SuiteRunner.java:377)
at org.testng.SuiteRunner.runSequentially(SuiteRunner.java:371)
at org.testng.SuiteRunner.privateRun(SuiteRunner.java:332)
at org.testng.SuiteRunner.run(SuiteRunner.java:276)
at org.testng.SuiteRunnerWorker.runSuite(SuiteRunnerWorker.java:53)
at org.testng.SuiteRunnerWorker.run(SuiteRunnerWorker.java:96)
at org.testng.TestNG.runSuitesSequentially(TestNG.java:1212)
at org.testng.TestNG.runSuitesLocally(TestNG.java:1134)
at org.testng.TestNG.runSuites(TestNG.java:1063)
at org.testng.TestNG.run(TestNG.java:1031)
at org.testng.remote.AbstractRemoteTestNG.run(AbstractRemoteTestNG.java:115)
at org.testng.remote.RemoteTestNG.initAndRun(RemoteTestNG.java:251)
at org.testng.remote.RemoteTestNG.main(RemoteTestNG.java:77)
]]>
            </full-stacktrace>
          </exception> <!-- java.lang.AssertionError -->
          <reporter-output>
          </reporter-output>
        </test-method> <!-- merl_VerifyUrl -->
        <test-method signature="merl_VerifyTitle()[pri:4, instance:whizzbridge_Automation.merl_extentreports.merl_TestCases@25f7391e]" started-at="2024-03-07T12:12:15 PKT" name="merl_VerifyTitle" finished-at="2024-03-07T12:12:15 PKT" duration-ms="8" status="PASS">
          <reporter-output>
          </reporter-output>
        </test-method> <!-- merl_VerifyTitle -->
        <test-method signature="verifyElementText()[pri:5, instance:whizzbridge_Automation.merl_extentreports.merl_TestCases@25f7391e]" started-at="2024-03-07T12:12:15 PKT" name="verifyElementText" finished-at="2024-03-07T12:12:15 PKT" duration-ms="32" status="PASS">
          <reporter-output>
          </reporter-output>
        </test-method> <!-- verifyElementText -->
        <test-method signature="merl_Login()[pri:6, instance:whizzbridge_Automation.merl_extentreports.merl_TestCases@25f7391e]" started-at="2024-03-07T12:12:15 PKT" name="merl_Login" finished-at="2024-03-07T12:12:16 PKT" duration-ms="1216" status="PASS">
          <reporter-output>
            <line>
              <![CDATA[Login via Email is admin@merl.com]]>
            </line>
            <line>
              <![CDATA[and password is 123123]]>
            </line>
            <line>
              <![CDATA[Test Case: Login as admin]]>
            </line>
          </reporter-output>
        </test-method> <!-- merl_Login -->
        <test-method is-config="true" signature="tearDown()[pri:0, instance:whizzbridge_Automation.merl_extentreports.merl_TestCases@25f7391e]" started-at="2024-03-07T12:12:16 PKT" name="tearDown" finished-at="2024-03-07T12:12:17 PKT" duration-ms="384" status="PASS">
          <reporter-output>
          </reporter-output>
        </test-method> <!-- tearDown -->
      </class> <!-- whizzbridge_Automation.merl_extentreports.merl_TestCases -->
    </test> <!-- Default test -->
  </suite> <!-- Default suite -->
</testng-results>
