<?xml version="1.0" encoding="UTF-8"?>
<!-- Generated by org.testng.reporters.JUnitReportReporter -->
<testsuite hostname="DESKTOP-7RODFU2" failures="1" tests="6" name="whizzbridge_Automation.merl_extentreports.merl_TestCases" time="3.839" errors="0" timestamp="2024-03-07T12:12:17 PKT" skipped="0">
  <testcase classname="whizzbridge_Automation.merl_extentreports.merl_TestCases" name="Merl_BrowserSetup" time="0.148"/>
  <system-out>
    <![CDATA[Window is Maximized
All Cookies Deleted]]>
  </system-out>
  <testcase classname="whizzbridge_Automation.merl_extentreports.merl_TestCases" name="Merl_TimetoLauchApp" time="2.411"/>
  <system-out>
    <![CDATA[Application Launched
Total time for application to launch is 2409]]>
  </system-out>
  <testcase classname="whizzbridge_Automation.merl_extentreports.merl_TestCases" name="merl_VerifyUrl" time="0.024">
    <failure message="URLs do not match expected [https://merl-50fb1f6104ab.herokuapp.com/] but found [https://merl-50fb1f6104ab.herokuapp.com/users/sign_in]" type="java.lang.AssertionError">
      <![CDATA[java.lang.AssertionError: URLs do not match expected [https://merl-50fb1f6104ab.herokuapp.com/] but found [https://merl-50fb1f6104ab.herokuapp.com/users/sign_in]
at org.testng.Assert.fail(Assert.java:99)
at org.testng.Assert.failNotEquals(Assert.java:1037)
at org.testng.Assert.assertEqualsImpl(Assert.java:140)
at org.testng.Assert.assertEquals(Assert.java:122)
at org.testng.Assert.assertEquals(Assert.java:629)
at whizzbridge_Automation.merl_extentreports.merl_TestCases.merl_VerifyUrl(merl_TestCases.java:69)
at java.base/jdk.internal.reflect.NativeMethodAccessorImpl.invoke0(Native Method)
at java.base/jdk.internal.reflect.NativeMethodAccessorImpl.invoke(NativeMethodAccessorImpl.java:77)
at java.base/jdk.internal.reflect.DelegatingMethodAccessorImpl.invoke(DelegatingMethodAccessorImpl.java:43)
at java.base/java.lang.reflect.Method.invoke(Method.java:568)
at org.testng.internal.MethodInvocationHelper.invokeMethod(MethodInvocationHelper.java:133)
at org.testng.internal.TestInvoker.invokeMethod(TestInvoker.java:598)
at org.testng.internal.TestInvoker.invokeTestMethod(TestInvoker.java:173)
at org.testng.internal.MethodRunner.runInSequence(MethodRunner.java:46)
at org.testng.internal.TestInvoker$MethodInvocationAgent.invoke(TestInvoker.java:824)
at org.testng.internal.TestInvoker.invokeTestMethods(TestInvoker.java:146)
at org.testng.internal.TestMethodWorker.invokeTestMethods(TestMethodWorker.java:146)
at org.testng.internal.TestMethodWorker.run(TestMethodWorker.java:128)
at java.base/java.util.ArrayList.forEach(ArrayList.java:1511)
at org.testng.TestRunner.privateRun(TestRunner.java:794)
at org.testng.TestRunner.run(TestRunner.java:596)
at org.testng.SuiteRunner.runTest(SuiteRunner.java:377)
at org.testng.SuiteRunner.runSequentially(SuiteRunner.java:371)
at org.testng.SuiteRunner.privateRun(SuiteRunner.java:332)
at org.testng.SuiteRunner.run(SuiteRunner.java:276)
at org.testng.SuiteRunnerWorker.runSuite(SuiteRunnerWorker.java:53)
at org.testng.SuiteRunnerWorker.run(SuiteRunnerWorker.java:96)
at org.testng.TestNG.runSuitesSequentially(TestNG.java:1212)
at org.testng.TestNG.runSuitesLocally(TestNG.java:1134)
at org.testng.TestNG.runSuites(TestNG.java:1063)
at org.testng.TestNG.run(TestNG.java:1031)
at org.testng.remote.AbstractRemoteTestNG.run(AbstractRemoteTestNG.java:115)
at org.testng.remote.RemoteTestNG.initAndRun(RemoteTestNG.java:251)
at org.testng.remote.RemoteTestNG.main(RemoteTestNG.java:77)
]]>
    </failure>
  </testcase> <!-- merl_VerifyUrl -->
  <system-out/>
  <testcase classname="whizzbridge_Automation.merl_extentreports.merl_TestCases" name="merl_VerifyTitle" time="0.008"/>
  <system-out/>
  <testcase classname="whizzbridge_Automation.merl_extentreports.merl_TestCases" name="verifyElementText" time="0.032"/>
  <system-out/>
  <testcase classname="whizzbridge_Automation.merl_extentreports.merl_TestCases" name="merl_Login" time="1.216"/>
  <system-out>
    <![CDATA[Login via Email is admin@merl.com
and password is 123123
Test Case: Login as admin]]>
  </system-out>
</testsuite> <!-- whizzbridge_Automation.merl_extentreports.merl_TestCases -->
