<?xml version="1.0" encoding="UTF-8"?>
<!-- Generated by org.testng.reporters.JUnitReportReporter -->
<testsuite hostname="DESKTOP-7RODFU2" failures="1" tests="6" name="whizzbridge_Automation.merl_extentreports.merl_TestCases" time="4.999" errors="0" timestamp="2024-02-15T12:43:53 PKT" skipped="0">
  <testcase classname="whizzbridge_Automation.merl_extentreports.merl_TestCases" name="Merl_BrowserSetup" time="0.148"/>
  <system-out>
    <![CDATA[Window is Maximized
All Cookies Deleted]]>
  </system-out>
  <testcase classname="whizzbridge_Automation.merl_extentreports.merl_TestCases" name="Merl_TimetoLauchApp" time="2.629"/>
  <system-out>
    <![CDATA[Application Launched
Total time for application to launch is 2629]]>
  </system-out>
  <testcase classname="whizzbridge_Automation.merl_extentreports.merl_TestCases" name="merl_VerifyUrl" time="0.028">
    <failure message="URLs do not match expected [https://merl-50fb1f6104ab.herokuapp.com/] but found [https://merl-50fb1f6104ab.herokuapp.com/users/sign_in]" type="java.lang.AssertionError">
      <![CDATA[java.lang.AssertionError: URLs do not match expected [https://merl-50fb1f6104ab.herokuapp.com/] but found [https://merl-50fb1f6104ab.herokuapp.com/users/sign_in]
at org.testng.Assert.fail(Assert.java:110)
at org.testng.Assert.failNotEquals(Assert.java:1577)
at org.testng.Assert.assertEqualsImpl(Assert.java:149)
at org.testng.Assert.assertEquals(Assert.java:131)
at org.testng.Assert.assertEquals(Assert.java:655)
at whizzbridge_Automation.merl_extentreports.merl_TestCases.merl_VerifyUrl(merl_TestCases.java:69)
at java.base/jdk.internal.reflect.DirectMethodHandleAccessor.invoke(DirectMethodHandleAccessor.java:103)
at java.base/java.lang.reflect.Method.invoke(Method.java:580)
at org.testng.internal.invokers.MethodInvocationHelper.invokeMethod(MethodInvocationHelper.java:139)
at org.testng.internal.invokers.TestInvoker.invokeMethod(TestInvoker.java:677)
at org.testng.internal.invokers.TestInvoker.invokeTestMethod(TestInvoker.java:221)
at org.testng.internal.invokers.MethodRunner.runInSequence(MethodRunner.java:50)
at org.testng.internal.invokers.TestInvoker$MethodInvocationAgent.invoke(TestInvoker.java:969)
at org.testng.internal.invokers.TestInvoker.invokeTestMethods(TestInvoker.java:194)
at org.testng.internal.invokers.TestMethodWorker.invokeTestMethods(TestMethodWorker.java:148)
at org.testng.internal.invokers.TestMethodWorker.run(TestMethodWorker.java:128)
at java.base/java.util.ArrayList.forEach(ArrayList.java:1596)
at org.testng.TestRunner.privateRun(TestRunner.java:829)
at org.testng.TestRunner.run(TestRunner.java:602)
at org.testng.SuiteRunner.runTest(SuiteRunner.java:437)
at org.testng.SuiteRunner.runSequentially(SuiteRunner.java:431)
at org.testng.SuiteRunner.privateRun(SuiteRunner.java:391)
at org.testng.SuiteRunner.run(SuiteRunner.java:330)
at org.testng.SuiteRunnerWorker.runSuite(SuiteRunnerWorker.java:52)
at org.testng.SuiteRunnerWorker.run(SuiteRunnerWorker.java:95)
at org.testng.TestNG.runSuitesSequentially(TestNG.java:1256)
at org.testng.TestNG.runSuitesLocally(TestNG.java:1176)
at org.testng.TestNG.runSuites(TestNG.java:1099)
at org.testng.TestNG.run(TestNG.java:1067)
at org.apache.maven.surefire.testng.TestNGExecutor.run(TestNGExecutor.java:308)
at org.apache.maven.surefire.testng.TestNGXmlTestSuite.execute(TestNGXmlTestSuite.java:71)
at org.apache.maven.surefire.testng.TestNGProvider.invoke(TestNGProvider.java:113)
at org.apache.maven.surefire.booter.ForkedBooter.runSuitesInProcess(ForkedBooter.java:385)
at org.apache.maven.surefire.booter.ForkedBooter.execute(ForkedBooter.java:162)
at org.apache.maven.surefire.booter.ForkedBooter.run(ForkedBooter.java:507)
at org.apache.maven.surefire.booter.ForkedBooter.main(ForkedBooter.java:495)
]]>
    </failure>
  </testcase> <!-- merl_VerifyUrl -->
  <system-out/>
  <testcase classname="whizzbridge_Automation.merl_extentreports.merl_TestCases" name="merl_VerifyTitle" time="0.014"/>
  <system-out/>
  <testcase classname="whizzbridge_Automation.merl_extentreports.merl_TestCases" name="verifyElementText" time="0.040"/>
  <system-out/>
  <testcase classname="whizzbridge_Automation.merl_extentreports.merl_TestCases" name="merl_Login" time="2.140"/>
  <system-out>
    <![CDATA[Login via Email is admin@merl.com
and password is 123123
Test Case: Login as admin]]>
  </system-out>
</testsuite> <!-- whizzbridge_Automation.merl_extentreports.merl_TestCases -->
